<?xml version="1.0" encoding="UTF-8"?>
<!-- Generated by org.testng.reporters.JUnitReportReporter -->
<testsuite hostname="GURU" failures="0" tests="1" name="com.IDFC.uat.IDFC_API_Test" time="1.347" errors="0" timestamp="2025-03-25T13:23:31 IST" skipped="0">
  <testcase classname="com.IDFC.uat.IDFC_API_Test" name="txnStatus" time="1.347"/>
  <system-out/>
</testsuite> <!-- com.IDFC.uat.IDFC_API_Test -->
