<?xml version="1.0" encoding="UTF-8"?>
<!-- Generated by org.testng.reporters.JUnitReportReporter -->
<testsuite hostname="GURU" failures="0" tests="1" name="com.NSDL.uat.PayoutsTest" time="1.476" errors="0" timestamp="2025-02-17T10:59:45 IST" skipped="0">
  <testcase classname="com.NSDL.uat.PayoutsTest" name="upi_payout" time="1.476"/>
  <system-out/>
</testsuite> <!-- com.NSDL.uat.PayoutsTest -->
