<?xml version="1.0" encoding="UTF-8"?>
<!-- Generated by org.testng.reporters.JUnitReportReporter -->
<testsuite hostname="GURU" failures="0" tests="1" name="com.Axis.uat.AxisAPI_Test" time="11.595" errors="0" timestamp="2025-03-18T15:17:18 IST" skipped="0">
  <testcase classname="com.Axis.uat.AxisAPI_Test" name="verifyVPA" time="11.595"/>
  <system-out/>
</testsuite> <!-- com.Axis.uat.AxisAPI_Test -->
