<?xml version="1.0" encoding="UTF-8"?>
<!-- Generated by org.testng.reporters.JUnitReportReporter -->
<testsuite hostname="GURU" failures="0" tests="1" name="com.NSDL.uat.PayoutsTest" time="4.386" errors="0" timestamp="2025-02-28T17:18:34 IST" skipped="0">
  <testcase classname="com.NSDL.uat.PayoutsTest" name="payout_status" time="4.386"/>
  <system-out/>
</testsuite> <!-- com.NSDL.uat.PayoutsTest -->
