<?xml version="1.0" encoding="UTF-8"?>
<!-- Generated by org.testng.reporters.JUnitReportReporter -->
<testsuite hostname="GURU" failures="0" tests="1" name="com.IDFC.uat.IDFC_API_Test" time="1.603" errors="0" timestamp="2025-03-20T15:48:54 IST" skipped="0">
  <testcase classname="com.IDFC.uat.IDFC_API_Test" name="payout" time="1.603"/>
  <system-out/>
</testsuite> <!-- com.IDFC.uat.IDFC_API_Test -->
