<?xml version="1.0" encoding="UTF-8"?>
<!-- Generated by org.testng.reporters.JUnitReportReporter -->
<testsuite hostname="GURU" failures="0" tests="1" name="com.NSDL.uat.ECollectTest" time="4.646" errors="0" timestamp="2025-04-09T16:01:24 IST" skipped="0">
  <testcase classname="com.NSDL.uat.ECollectTest" name="ecollect" time="4.646"/>
  <system-out/>
</testsuite> <!-- com.NSDL.uat.ECollectTest -->
