<?xml version="1.0" encoding="UTF-8"?>
<!-- Generated by org.testng.reporters.JUnitReportReporter -->
<testsuite hostname="GURU" failures="0" tests="1" name="com.NSDL.uat.PayoutsTest" time="0.967" errors="0" timestamp="2025-04-03T18:22:46 IST" skipped="0">
  <testcase classname="com.NSDL.uat.PayoutsTest" name="getStatement" time="0.967"/>
  <system-out/>
</testsuite> <!-- com.NSDL.uat.PayoutsTest -->
