<?xml version="1.0" encoding="UTF-8"?>
<!-- Generated by org.testng.reporters.JUnitReportReporter -->
<testsuite hostname="GURU" failures="0" tests="1" name="com.RBLBANK.CollectAPIPayload" time="11.145" errors="0" timestamp="2025-01-20T14:16:58 IST" skipped="0">
  <testcase classname="com.RBLBANK.CollectAPIPayload" name="executeCollectsForDesiredNum" time="11.145"/>
  <system-out/>
</testsuite> <!-- com.RBLBANK.CollectAPIPayload -->
